g++ -shared 	-Xlinker -Bstatic -lstdc++ -Xlinker -Bdynamic -o ../lib/libArNetworking.so ../obj/ArCentralManager.o ../obj/ArCentralForwarder.o ../obj/ArClientBase.o ../obj/ArClientData.o ../obj/ArClientHandlerConfig.o ../obj/ArClientFileUtils.o ../obj/ArClientSimpleConnector.o ../obj/ArClientSwitchManager.o ../obj/ArClientArgUtils.o ../obj/ArHybridForwarderVideo.o ../obj/ArMapChanger.o ../obj/ArNetPacket.o ../obj/ArNetPacketReceiverUdp.o ../obj/ArNetPacketReceiverTcp.o ../obj/ArNetPacketSenderTcp.o ../obj/ArServerBase.o ../obj/ArServerClient.o ../obj/ArServerData.o ../obj/ArServerFileUtils.o ../obj/ArServerHandlerCamera.o ../obj/ArServerHandlerCameraCollection.o ../obj/ArServerHandlerCommands.o ../obj/ArServerHandlerCommMonitor.o ../obj/ArServerHandlerConfig.o ../obj/ArServerHandlerMap.o ../obj/ArServerHandlerMapping.o ../obj/ArServerHandlerPopup.o ../obj/ArServerMode.o ../obj/ArServerModeDrive.o ../obj/ArServerModeIdle.o ../obj/ArServerModeRatioDrive.o ../obj/ArServerModeStop.o ../obj/ArServerModeWander.o ../obj/ArServerInfoDrawings.o ../obj/ArServerInfoRobot.o ../obj/ArServerInfoSensor.o ../obj/ArServerInfoStrings.o ../obj/ArServerSimpleCommands.o ../obj/ArServerSimpleOpener.o ../obj/ArServerUserInfo.o ../obj/md5.o 
g++ -fPIC -g -Wall -D_REENTRANT -fno-exceptions -I../include -Iinclude examples/clientCommandLister.cpp -o examples/clientCommandLister -L../lib -lAria -lArNetworking -lpthread -ldl -lrt -Xlinker -Bstatic -lstdc++ -Xlinker -Bdynamic
g++ -fPIC -g -Wall -D_REENTRANT -fno-exceptions -I../include -Iinclude examples/clientDemo.cpp -o examples/clientDemo -L../lib -lAria -lArNetworking -lpthread -ldl -lrt -Xlinker -Bstatic -lstdc++ -Xlinker -Bdynamic
g++ -fPIC -g -Wall -D_REENTRANT -fno-exceptions -I../include -Iinclude examples/configClient.cpp -o examples/configClient -L../lib -lAria -lArNetworking -lpthread -ldl -lrt -Xlinker -Bstatic -lstdc++ -Xlinker -Bdynamic
g++ -fPIC -g -Wall -D_REENTRANT -fno-exceptions -I../include -Iinclude examples/configClientToServer.cpp -o examples/configClientToServer -L../lib -lAria -lArNetworking -lpthread -ldl -lrt -Xlinker -Bstatic -lstdc++ -Xlinker -Bdynamic
examples/configClientToServer.cpp: In function 'void gotConfig()':
examples/configClientToServer.cpp:29: warning: unused variable 'newConfig'
g++ -fPIC -g -Wall -D_REENTRANT -fno-exceptions -I../include -Iinclude examples/configServer.cpp -o examples/configServer -L../lib -lAria -lArNetworking -lpthread -ldl -lrt -Xlinker -Bstatic -lstdc++ -Xlinker -Bdynamic
g++ -fPIC -g -Wall -D_REENTRANT -fno-exceptions -I../include -Iinclude examples/configServerRobot.cpp -o examples/configServerRobot -L../lib -lAria -lArNetworking -lpthread -ldl -lrt -Xlinker -Bstatic -lstdc++ -Xlinker -Bdynamic
g++ -fPIC -g -Wall -D_REENTRANT -fno-exceptions -I../include -Iinclude examples/drawingsExample.cpp -o examples/drawingsExample -L../lib -lAria -lArNetworking -lpthread -ldl -lrt -Xlinker -Bstatic -lstdc++ -Xlinker -Bdynamic
g++ -fPIC -g -Wall -D_REENTRANT -fno-exceptions -I../include -Iinclude examples/drawingsExampleWithRobot.cpp -o examples/drawingsExampleWithRobot -L../lib -lAria -lArNetworking -lpthread -ldl -lrt -Xlinker -Bstatic -lstdc++ -Xlinker -Bdynamic
g++ -fPIC -g -Wall -D_REENTRANT -fno-exceptions -I../include -Iinclude examples/getVideoExample.cpp -o examples/getVideoExample -L../lib -lAria -lArNetworking -lpthread -ldl -lrt -Xlinker -Bstatic -lstdc++ -Xlinker -Bdynamic
g++ -fPIC -g -Wall -D_REENTRANT -fno-exceptions -I../include -Iinclude examples/popupExample.cpp -o examples/popupExample -L../lib -lAria -lArNetworking -lpthread -ldl -lrt -Xlinker -Bstatic -lstdc++ -Xlinker -Bdynamic
g++ -fPIC -g -Wall -D_REENTRANT -fno-exceptions -I../include -Iinclude examples/proprietaryDirectoryEmptier.cpp -o examples/proprietaryDirectoryEmptier -L../lib -lAria -lArNetworking -lpthread -ldl -lrt -Xlinker -Bstatic -lstdc++ -Xlinker -Bdynamic
g++ -fPIC -g -Wall -D_REENTRANT -fno-exceptions -I../include -Iinclude examples/proprietaryGetSnapshots.cpp -o examples/proprietaryGetSnapshots -L../lib -lAria -lArNetworking -lpthread -ldl -lrt -Xlinker -Bstatic -lstdc++ -Xlinker -Bdynamic
examples/getVideoExample.cpp: In function 'int main(int, char**)':
examples/getVideoExample.cpp:82: error: no matching function for call to 'ArDaemonizer::ArDaemonizer(int*, char**&)'
../include/ariaUtil.h:1689: note: candidates are: ArDaemonizer::ArDaemonizer(int*, char**, bool)
../include/ariaUtil.h:1686: note:                 ArDaemonizer::ArDaemonizer(const ArDaemonizer&)
make: *** [examples/getVideoExample] Error 1
make: *** Waiting for unfinished jobs....
